TN:
SF:/home/rico/dev/node/jsfy/test.js
FN:13,(anonymous_1)
FN:19,(anonymous_2)
FNF:2
FNH:0
FNDA:0,(anonymous_1)
FNDA:0,(anonymous_2)
DA:2,1
DA:5,1
DA:14,0
DA:20,0
DA:47,1
DA:48,1
DA:52,1
DA:59,1
DA:60,1
DA:61,1
DA:63,1
DA:67,1
DA:68,1
DA:69,1
DA:70,1
DA:72,1
LF:16
LH:14
BRF:0
BRH:0
end_of_record
TN:
SF:/home/rico/dev/node/jsfy/main.js
FN:15,(anonymous_1)
FN:21,(anonymous_2)
FN:25,(anonymous_3)
FN:33,(anonymous_4)
FN:36,(anonymous_5)
FN:39,(anonymous_6)
FN:42,(anonymous_7)
FN:45,(anonymous_8)
FN:48,(anonymous_9)
FN:51,(anonymous_10)
FN:54,(anonymous_11)
FN:81,(anonymous_12)
FN:93,(anonymous_13)
FN:96,(anonymous_14)
FN:102,(anonymous_15)
FN:132,(anonymous_16)
FN:135,(anonymous_17)
FNF:17
FNH:17
FNDA:4,(anonymous_1)
FNDA:32,(anonymous_2)
FNDA:20,(anonymous_3)
FNDA:4,(anonymous_4)
FNDA:27,(anonymous_5)
FNDA:22,(anonymous_6)
FNDA:4,(anonymous_7)
FNDA:2,(anonymous_8)
FNDA:2,(anonymous_9)
FNDA:2,(anonymous_10)
FNDA:17,(anonymous_11)
FNDA:3,(anonymous_12)
FNDA:2,(anonymous_13)
FNDA:2,(anonymous_14)
FNDA:87,(anonymous_15)
FNDA:1,(anonymous_16)
FNDA:2,(anonymous_17)
DA:15,1
DA:16,4
DA:18,4
DA:19,3
DA:21,4
DA:22,32
DA:25,4
DA:26,20
DA:27,2
DA:29,18
DA:32,4
DA:34,4
DA:37,27
DA:40,22
DA:43,4
DA:46,2
DA:49,2
DA:52,2
DA:55,17
DA:56,3
DA:57,17
DA:60,15
DA:61,15
DA:62,5
DA:63,5
DA:65,15
DA:66,15
DA:67,28
DA:68,15
DA:69,15
DA:70,20
DA:72,15
DA:73,15
DA:75,65
DA:76,65
DA:77,65
DA:79,11
DA:82,3
DA:83,1
DA:84,3
DA:86,3
DA:87,3
DA:88,18
DA:89,18
DA:91,2
DA:94,2
DA:97,2
DA:102,4
DA:103,87
DA:104,4
DA:106,87
DA:107,87
DA:108,28
DA:109,3
DA:110,25
DA:111,2
DA:112,23
DA:113,2
DA:114,21
DA:115,2
DA:116,19
DA:117,2
DA:123,87
DA:126,4
DA:127,1
DA:129,3
DA:132,1
DA:133,1
DA:135,1
DA:136,2
DA:139,1
DA:140,1
LF:72
LH:72
BRDA:18,1,0,3
BRDA:18,1,1,1
BRDA:18,2,0,4
BRDA:18,2,1,3
BRDA:26,3,0,2
BRDA:26,3,1,18
BRDA:43,4,0,2
BRDA:43,4,1,2
BRDA:55,5,0,3
BRDA:55,5,1,14
BRDA:60,6,0,15
BRDA:60,6,1,5
BRDA:61,7,0,5
BRDA:61,7,1,10
BRDA:75,8,0,55
BRDA:75,8,1,10
BRDA:82,9,0,1
BRDA:82,9,1,2
BRDA:103,10,0,4
BRDA:103,10,1,83
BRDA:107,11,0,28
BRDA:107,11,1,59
BRDA:108,12,0,3
BRDA:108,12,1,25
BRDA:110,13,0,2
BRDA:110,13,1,23
BRDA:112,14,0,2
BRDA:112,14,1,21
BRDA:114,15,0,2
BRDA:114,15,1,19
BRDA:116,16,0,2
BRDA:116,16,1,17
BRDA:126,17,0,1
BRDA:126,17,1,3
BRDA:139,18,0,1
BRDA:139,18,1,0
BRDA:139,19,0,1
BRDA:139,19,1,1
BRF:38
BRH:37
end_of_record
